<?xml version="1.0" encoding="UTF-8"?>
<!-- Generated by org.testng.reporters.JUnitXMLReporter -->
<testsuite ignored="0" hostname="Nityas-Mac-mini.home" failures="2" tests="3" name="Safari Test" time="20.033" errors="0" timestamp="2023-03-26T20:33:38 PDT">
  <testcase classname="io.cucumber.testng.AbstractTestNGCucumberTests" name="runScenario" time="7.473"/>
  <testcase classname="io.cucumber.testng.AbstractTestNGCucumberTests" name="runScenario" time="6.154">
    <failure type="java.lang.AssertionError" message="The Retail ground postage price lesser than $80 expected [true] but found [false]">
      <![CDATA[java.lang.AssertionError: The Retail ground postage price lesser than $80 expected [true] but found [false]
at tests.CalculatorSteps.iVerifyThePriceOfShippingWithMediumBoxesIsLessThan(CalculatorSteps.java:144)
at ✽.I verify the price of shipping with Medium boxes is less than 80 on the mail services page(file:///Users/nityajakkam/eclipse-workspace/PostagePriceCalculator/src/test/java/features/postagepricecalculation.feature:9)
... Removed 3 stack frames]]>
    </failure>
  </testcase> <!-- runScenario -->
  <testcase classname="io.cucumber.testng.AbstractTestNGCucumberTests" name="runScenario" time="6.269">
    <failure type="java.lang.AssertionError" message="The Retail ground postage price lesser than $80 expected [true] but found [false]">
      <![CDATA[java.lang.AssertionError: The Retail ground postage price lesser than $80 expected [true] but found [false]
at tests.CalculatorSteps.iVerifyThePriceOfShippingWithLargeBoxesIsLessThan(CalculatorSteps.java:162)
at ✽.I verify the price of shipping with Large boxes is less than 80 on the mail services page(file:///Users/nityajakkam/eclipse-workspace/PostagePriceCalculator/src/test/java/features/postagepricecalculation.feature:9)
... Removed 3 stack frames]]>
    </failure>
  </testcase> <!-- runScenario -->
</testsuite> <!-- Safari Test -->
